<?xml version="1.0" encoding="UTF-8"?>
<!-- Generated by org.testng.reporters.JUnitReportReporter -->
<testsuite hostname="DESKTOP-5KR3QEN" failures="0" tests="2" name="TestCases.Generatelogs" time="12.235" errors="0" timestamp="2021-12-16T15:41:02 IST" skipped="0">
  <testcase classname="TestCases.Generatelogs" name="verifyLogo" time="6.446"/>
  <system-out/>
  <testcase classname="TestCases.Generatelogs" name="Verifytitle" time="5.789"/>
  <system-out/>
</testsuite> <!-- TestCases.Generatelogs -->
